<?xml version="1.0" encoding="UTF-8"?>
<!-- Generated by org.testng.reporters.JUnitReportReporter -->
<testsuite hostname="tvl-note" name="spletterTest._01_SignUpTests" tests="10" failures="0" timestamp="30 Mar 2015 11:46:26 GMT" time="67.257" errors="0">
  <testcase name="_04_T_SignUp" time="0.037" classname="spletterTest._01_SignUpTests"/>
  <testcase name="_06_T_SignUp" time="15.137" classname="spletterTest._01_SignUpTests"/>
  <testcase name="_08_T_SignUp" time="2.001" classname="spletterTest._01_SignUpTests"/>
  <testcase name="_01_T_SignUp" time="4.504" classname="spletterTest._01_SignUpTests"/>
  <testcase name="_09_T_SignUp" time="14.281" classname="spletterTest._01_SignUpTests"/>
  <testcase name="_03_T_SignUp" time="0.033" classname="spletterTest._01_SignUpTests"/>
  <testcase name="_10_T_SignUp" time="17.539" classname="spletterTest._01_SignUpTests"/>
  <testcase name="_02_T_SignUp" time="0.061" classname="spletterTest._01_SignUpTests"/>
  <testcase name="_05_T_SignUp" time="6.345" classname="spletterTest._01_SignUpTests"/>
  <testcase name="_07_T_SignUp" time="7.319" classname="spletterTest._01_SignUpTests"/>
</testsuite> <!-- spletterTest._01_SignUpTests -->
