<?xml version="1.0" encoding="UTF-8"?>
<!-- Generated by org.testng.reporters.JUnitReportReporter -->
<testsuite hostname="tvl-note" name="spletterTest._02_SignInTests" tests="9" failures="0" timestamp="30 Mar 2015 14:36:10 GMT" time="55.009" errors="0">
  <testcase name="_09_T_SignUp" time="14.505" classname="spletterTest._02_SignInTests"/>
  <testcase name="_04_T_SignIn" time="0.028" classname="spletterTest._02_SignInTests"/>
  <testcase name="_05_T_SignIn" time="2.833" classname="spletterTest._02_SignInTests"/>
  <testcase name="_06_T_SignUp" time="15.323" classname="spletterTest._02_SignInTests"/>
  <testcase name="_08_T_SignUp" time="2.072" classname="spletterTest._02_SignInTests"/>
  <testcase name="_01_T_SignIn" time="4.348" classname="spletterTest._02_SignInTests"/>
  <testcase name="_07_T_SignUp" time="15.822" classname="spletterTest._02_SignInTests"/>
  <testcase name="_03_T_SignIn" time="0.032" classname="spletterTest._02_SignInTests"/>
  <testcase name="_02_T_SignIn" time="0.046" classname="spletterTest._02_SignInTests"/>
</testsuite> <!-- spletterTest._02_SignInTests -->
